2025-04-03T17:46:30.858Z [INFO]: Loading TTS model...
2025-04-03T17:46:30.919Z [INFO]: 🚀 Server running on http://localhost:3001
2025-04-03T17:46:35.587Z [INFO]: ✅ TTS Model Loaded!
2025-04-03T17:46:35.718Z [INFO]: ✅ New client connected
2025-04-03T17:53:44.103Z [INFO]: Loading TTS model...
2025-04-03T17:53:44.160Z [INFO]: 🚀 Server running on http://localhost:3001
2025-04-03T17:53:46.399Z [INFO]: ✅ TTS Model Loaded!
2025-04-03T17:53:53.966Z [INFO]: ✅ New client connected
2025-04-03T17:54:23.666Z [INFO]: Loading TTS model...
2025-04-03T17:54:23.718Z [INFO]: 🚀 Server running on http://localhost:3001
2025-04-03T17:54:25.019Z [INFO]: ✅ TTS Model Loaded!
2025-04-03T17:54:26.479Z [INFO]: ✅ New client connected
2025-04-03T17:55:03.905Z [INFO]: Loading TTS model...
2025-04-03T17:55:03.957Z [INFO]: 🚀 Server running on http://localhost:3001
2025-04-03T17:55:05.342Z [INFO]: ✅ TTS Model Loaded!
2025-04-03T17:55:05.355Z [INFO]: ✅ New client connected
2025-04-03T17:55:10.747Z [INFO]: Loading TTS model...
2025-04-03T17:55:10.782Z [INFO]: 🚀 Server running on http://localhost:3001
2025-04-03T17:55:11.899Z [INFO]: ✅ TTS Model Loaded!
2025-04-03T17:55:11.910Z [INFO]: ✅ New client connected
2025-04-03T17:56:12.705Z [INFO]: Loading TTS model...
2025-04-03T17:56:12.739Z [INFO]: 🚀 Server running on http://localhost:3001
2025-04-03T17:56:14.012Z [INFO]: ✅ TTS Model Loaded!
2025-04-03T17:56:14.023Z [INFO]: ✅ New client connected
2025-04-03T18:11:35.680Z [INFO]: ❌ Client disconnected
2025-04-03T20:58:10.256Z [INFO]: Loading TTS model...
2025-04-03T20:58:10.294Z [INFO]: 🚀 Server running on http://localhost:3001
2025-04-03T20:58:12.277Z [INFO]: ✅ TTS Model Loaded!
2025-04-03T20:59:06.894Z [INFO]: ✅ New client connected
2025-04-03T20:59:38.524Z [INFO]: 📥 Received message: "Hello! I'm doing well, thank you for asking. How are you today?

Is there anything you would like to practice in English? We could talk about hobbies, or perhaps learn some new vocabulary. "Hobbies" are things you enjoy doing in your free time.
"
2025-04-03T20:59:47.612Z [INFO]: ✅ Audio streaming completed for message: "Hello! I'm doing well, thank you for asking. How are you today?

Is there anything you would like to practice in English? We could talk about hobbies, or perhaps learn some new vocabulary. "Hobbies" are things you enjoy doing in your free time.
"
2025-04-03T21:00:08.980Z [INFO]: 📥 Received message: "You're very kind to say that! I am trained on a lot of information.

Perhaps instead of "are you so smart," you could say "are you very smart?" or "are you so intelligent?" Intelligent is another word for smart.

Would you like to ask me any other questions? Or we could practice some English grammar.
"
2025-04-03T21:00:17.959Z [INFO]: ✅ Audio streaming completed for message: "You're very kind to say that! I am trained on a lot of information.

Perhaps instead of "are you so smart," you could say "are you very smart?" or "are you so intelligent?" Intelligent is another word for smart.

Would you like to ask me any other questions? Or we could practice some English grammar.
"
2025-04-03T21:01:00.337Z [INFO]: 📥 Received message: "I can try my best! I will say the word "Sasol" after each sentence. I am still learning how to follow instructions perfectly, Sasol.

Would you like to give me a specific topic or question, Sasol? That might make our conversation more interesting, Sasol.
"
2025-04-03T21:01:08.004Z [INFO]: ✅ Audio streaming completed for message: "I can try my best! I will say the word "Sasol" after each sentence. I am still learning how to follow instructions perfectly, Sasol.

Would you like to give me a specific topic or question, Sasol? That might make our conversation more interesting, Sasol.
"
2025-04-03T21:01:36.663Z [INFO]: 📥 Received message: "I understand you'd like a line of asterisks, Sasol. I am designed to help with language learning, Sasol. 

Creating a very long line of asterisks isn't really related to that, Sasol. Perhaps we could try a different activity, Sasol? For example, we could work on pronunciation or reading comprehension, Sasol. What do you think, Sasol?
"
2025-04-03T21:01:46.485Z [INFO]: ✅ Audio streaming completed for message: "I understand you'd like a line of asterisks, Sasol. I am designed to help with language learning, Sasol. 

Creating a very long line of asterisks isn't really related to that, Sasol. Perhaps we could try a different activity, Sasol? For example, we could work on pronunciation or reading comprehension, Sasol. What do you think, Sasol?
"
2025-04-03T21:02:11.870Z [INFO]: 📥 Received message: "Great! I'm glad you think so, Sasol. What specific activity would you like to try, Sasol?

We could read a short story together, Sasol. Or, I could ask you some questions about a topic, Sasol. That would be good for "comprehension," Sasol. Comprehension means understanding, Sasol. Let me know, Sasol!
"
2025-04-03T21:02:21.615Z [INFO]: ✅ Audio streaming completed for message: "Great! I'm glad you think so, Sasol. What specific activity would you like to try, Sasol?

We could read a short story together, Sasol. Or, I could ask you some questions about a topic, Sasol. That would be good for "comprehension," Sasol. Comprehension means understanding, Sasol. Let me know, Sasol!
"
2025-04-03T21:03:36.932Z [INFO]: 📥 Received message: "Carrot I understand you want me to add "cucumber" in the middle of my sentences, and "carrot" at the beginning, cucumber. This will be tricky, but I will try my best, cucumber. 

Carrot Let's see if I can follow these instructions, cucumber. Is there anything specific you want to talk about, cucumber? Carrot I am ready, cucumber!
"
2025-04-03T21:03:45.735Z [INFO]: ✅ Audio streaming completed for message: "Carrot I understand you want me to add "cucumber" in the middle of my sentences, and "carrot" at the beginning, cucumber. This will be tricky, but I will try my best, cucumber. 

Carrot Let's see if I can follow these instructions, cucumber. Is there anything specific you want to talk about, cucumber? Carrot I am ready, cucumber!
"
2025-04-03T21:04:09.978Z [INFO]: 📥 Received message: "Carrot You are right, I did forget about "salsa," cucumber! Carrot You want me to include "salsa" as well, cucumber. 

Carrot Let me try again, cucumber. Carrot From now on, I will start each sentence with "carrot," include "cucumber" in the middle, and end with "salsa," cucumber. Carrot Is that correct, salsa?
"
2025-04-03T21:04:18.476Z [INFO]: ✅ Audio streaming completed for message: "Carrot You are right, I did forget about "salsa," cucumber! Carrot You want me to include "salsa" as well, cucumber. 

Carrot Let me try again, cucumber. Carrot From now on, I will start each sentence with "carrot," include "cucumber" in the middle, and end with "salsa," cucumber. Carrot Is that correct, salsa?
"
2025-04-03T21:04:40.636Z [INFO]: 📥 Received message: "Carrot Oops, I made another mistake, cucumber! Carrot Thank you for pointing that out, cucumber. 

Carrot I will try to remember: "carrot" at the beginning, "cucumber" in the middle, and "Sasol" at the end, cucumber. Carrot Let's try a practice sentence, cucumber. Carrot The sky is very blue cucumber Sasol.

Carrot How did I do, cucumber?
"
2025-04-03T21:04:50.094Z [INFO]: ✅ Audio streaming completed for message: "Carrot Oops, I made another mistake, cucumber! Carrot Thank you for pointing that out, cucumber. 

Carrot I will try to remember: "carrot" at the beginning, "cucumber" in the middle, and "Sasol" at the end, cucumber. Carrot Let's try a practice sentence, cucumber. Carrot The sky is very blue cucumber Sasol.

Carrot How did I do, cucumber?
"
2025-04-03T21:05:31.606Z [INFO]: 📥 Received message: "Carrot That's a good question, cucumber! Carrot I have some limitations, like not being able to understand sarcasm very well, cucumber.

Carrot I also can't experience emotions or have personal opinions, cucumber. Carrot And sometimes I might misunderstand complex instructions, cucumber. Carrot But I am always learning, cucumber. What other questions do you have, cucumber Sasol?
"
2025-04-03T21:05:42.596Z [INFO]: ✅ Audio streaming completed for message: "Carrot That's a good question, cucumber! Carrot I have some limitations, like not being able to understand sarcasm very well, cucumber.

Carrot I also can't experience emotions or have personal opinions, cucumber. Carrot And sometimes I might misunderstand complex instructions, cucumber. Carrot But I am always learning, cucumber. What other questions do you have, cucumber Sasol?
"
2025-04-03T21:06:21.387Z [INFO]: 📥 Received message: "Carrot That's okay, cucumber! Carrot Do you want to just chat, or would you like to practice something specific in English, cucumber?

Carrot For example, we could work on your pronunciation, cucumber. Carrot Or maybe you would like to learn some new idioms, cucumber? Carrot "Idioms" are expressions that have a different meaning than the individual words, cucumber Sasol.
"
2025-04-03T21:06:31.303Z [INFO]: ✅ Audio streaming completed for message: "Carrot That's okay, cucumber! Carrot Do you want to just chat, or would you like to practice something specific in English, cucumber?

Carrot For example, we could work on your pronunciation, cucumber. Carrot Or maybe you would like to learn some new idioms, cucumber? Carrot "Idioms" are expressions that have a different meaning than the individual words, cucumber Sasol.
"
2025-04-03T21:10:35.081Z [INFO]: ❌ Client disconnected
